0 info it worked if it ends with ok
1 verbose cli [ '/usr/bin/nodejs', '/usr/bin/npm', 'publish' ]
2 info using npm@3.10.10
3 info using node@v6.9.4
4 verbose publish [ '.' ]
5 silly cache add args [ '.', null ]
6 verbose cache add spec .
7 silly cache add parsed spec Result {
7 silly cache add   raw: '.',
7 silly cache add   scope: null,
7 silly cache add   escapedName: null,
7 silly cache add   name: null,
7 silly cache add   rawSpec: '.',
7 silly cache add   spec: '/home/jonas/code/learnreact',
7 silly cache add   type: 'directory' }
8 verbose addLocalDirectory /home/jonas/.npm/react-mobx-todos/1.0.0/package.tgz not in flight; packing
9 verbose correctMkdir /home/jonas/.npm correctMkdir not in flight; initializing
10 info lifecycle react-mobx-todos@1.0.0~prepublish: react-mobx-todos@1.0.0
11 silly lifecycle react-mobx-todos@1.0.0~prepublish: no script for prepublish, continuing
12 verbose tar pack [ '/home/jonas/.npm/react-mobx-todos/1.0.0/package.tgz',
12 verbose tar pack   '/home/jonas/code/learnreact' ]
13 verbose tarball /home/jonas/.npm/react-mobx-todos/1.0.0/package.tgz
14 verbose folder /home/jonas/code/learnreact
15 verbose addLocalTarball adding from inside cache /home/jonas/.npm/react-mobx-todos/1.0.0/package.tgz
16 verbose correctMkdir /home/jonas/.npm correctMkdir not in flight; initializing
17 silly cache afterAdd react-mobx-todos@1.0.0
18 verbose afterAdd /home/jonas/.npm/react-mobx-todos/1.0.0/package/package.json not in flight; writing
19 verbose correctMkdir /home/jonas/.npm correctMkdir not in flight; initializing
20 verbose afterAdd /home/jonas/.npm/react-mobx-todos/1.0.0/package/package.json written
21 silly publish { name: 'react-mobx-todos',
21 silly publish   version: '1.0.0',
21 silly publish   description: '',
21 silly publish   main: 'index.js',
21 silly publish   scripts: { start: 'webpack-dev-server --content-base src --inline --hot' },
21 silly publish   keywords: [],
21 silly publish   author: '',
21 silly publish   license: 'ISC',
21 silly publish   dependencies:
21 silly publish    { mobx: '^2.3.7',
21 silly publish      'mobx-react': '^3.5.1',
21 silly publish      react: '^15.2.1',
21 silly publish      'react-dom': '^15.3.0' },
21 silly publish   devDependencies:
21 silly publish    { 'babel-core': '^6.17.0',
21 silly publish      'babel-loader': '^6.2.4',
21 silly publish      'babel-plugin-transform-class-properties': '^6.10.2',
21 silly publish      'babel-plugin-transform-decorators-legacy': '^1.3.4',
21 silly publish      'babel-preset-es2015': '^6.9.0',
21 silly publish      'babel-preset-react': '^6.11.1',
21 silly publish      'css-loader': '^0.23.1',
21 silly publish      'react-addons-test-utils': '^15.3.0',
21 silly publish      'style-loader': '^0.13.1',
21 silly publish      webpack: '^1.13.1',
21 silly publish      'webpack-dev-server': '^1.14.1' },
21 silly publish   gitHead: '48e8eb66ce2a17bcbff09e7d01623ef2a30f6423',
21 silly publish   readme: 'ERROR: No README data found!',
21 silly publish   _id: 'react-mobx-todos@1.0.0',
21 silly publish   _shasum: '7632f8d9468c3c51cdfb70728292406d6941239a',
21 silly publish   _from: '.' }
22 verbose getPublishConfig undefined
23 silly mapToRegistry name react-mobx-todos
24 silly mapToRegistry using default registry
25 silly mapToRegistry registry https://registry.npmjs.org/
26 silly mapToRegistry data Result {
26 silly mapToRegistry   raw: 'react-mobx-todos',
26 silly mapToRegistry   scope: null,
26 silly mapToRegistry   escapedName: 'react-mobx-todos',
26 silly mapToRegistry   name: 'react-mobx-todos',
26 silly mapToRegistry   rawSpec: '',
26 silly mapToRegistry   spec: 'latest',
26 silly mapToRegistry   type: 'tag' }
27 silly mapToRegistry uri https://registry.npmjs.org/react-mobx-todos
28 verbose publish registryBase https://registry.npmjs.org/
29 silly publish uploading /home/jonas/.npm/react-mobx-todos/1.0.0/package.tgz
30 verbose request uri https://registry.npmjs.org/react-mobx-todos
31 verbose request always-auth set; sending authorization
32 info attempt registry request try #1 at 1:46:12 PM
33 verbose request id 99fcd7bfaf060b99
34 http request PUT https://registry.npmjs.org/react-mobx-todos
35 http 404 https://registry.npmjs.org/react-mobx-todos
36 verbose headers { 'content-type': 'application/json',
36 verbose headers   'cache-control': 'max-age=0',
36 verbose headers   'content-length': '26',
36 verbose headers   'accept-ranges': 'bytes',
36 verbose headers   date: 'Fri, 27 Jan 2017 12:46:13 GMT',
36 verbose headers   via: '1.1 varnish',
36 verbose headers   connection: 'keep-alive',
36 verbose headers   'x-served-by': 'cache-hhn1539-HHN',
36 verbose headers   'x-cache': 'MISS',
36 verbose headers   'x-cache-hits': '0',
36 verbose headers   'x-timer': 'S1485521173.022931,VS0,VE748' }
37 verbose request invalidating /home/jonas/.npm/registry.npmjs.org/react-mobx-todos on PUT
38 error publish Failed PUT 404
39 verbose stack Error: User not found : react-mobx-todos
39 verbose stack     at makeError (/usr/lib/node_modules/npm/node_modules/npm-registry-client/lib/request.js:302:12)
39 verbose stack     at CachingRegistryClient.<anonymous> (/usr/lib/node_modules/npm/node_modules/npm-registry-client/lib/request.js:290:14)
39 verbose stack     at Request._callback (/usr/lib/node_modules/npm/node_modules/npm-registry-client/lib/request.js:210:14)
39 verbose stack     at Request.self.callback (/usr/lib/node_modules/npm/node_modules/request/request.js:187:22)
39 verbose stack     at emitTwo (events.js:106:13)
39 verbose stack     at Request.emit (events.js:191:7)
39 verbose stack     at Request.<anonymous> (/usr/lib/node_modules/npm/node_modules/request/request.js:1048:10)
39 verbose stack     at emitOne (events.js:96:13)
39 verbose stack     at Request.emit (events.js:188:7)
39 verbose stack     at IncomingMessage.<anonymous> (/usr/lib/node_modules/npm/node_modules/request/request.js:969:12)
40 verbose statusCode 404
41 verbose pkgid react-mobx-todos
42 verbose cwd /home/jonas/code/learnreact
43 error Linux 4.4.0-31-generic
44 error argv "/usr/bin/nodejs" "/usr/bin/npm" "publish"
45 error node v6.9.4
46 error npm  v3.10.10
47 error code E404
48 error 404 User not found : react-mobx-todos
49 error 404
50 error 404 'react-mobx-todos' is not in the npm registry.
51 error 404 You should bug the author to publish it (or use the name yourself!)
52 error 404 Note that you can also install from a
53 error 404 tarball, folder, http url, or git url.
54 verbose exit [ 1, true ]
